1585062191830:requestDeparture 1001
1585062281829:requestDeparture
1585062357333:request 1001
1585062415660:requestDelivery 1002
1585062422657:requestdelivery 1002
1585062465802:requestdelivery 2901
1585062959108:requestdelivery 1001
1585062982102:requestdelivey 2002
1585062989103:requestdelivery 2002
1585063662241:requestdelivery 1991
1585063691230:stacktrace
1585063835320:requestdelivery 2002
1585063900565:requestdelivert 1001
1585063908559:requestdelivery 1001
1585063987666:requestdelivery 2002
1585064071542:requestdelivery 1001
1585064783345:requestdelivery 1002
1585065883435:requestdelivery 3933
1585065891435:requestdelivery 1001
1585066351476:requestdelivery 2002
1585066359475:requestdelivery 2003
1585066366477:requestdelivery 2002
1585066445999:requestdelivery 1002
1585066454994:requestdelivery 2002
1585066462994:requestdelivery 1002
1585066495997:requestdelivery 1001
1585066500998:requestdelivery 2002
1585066727366:requestdelivery 1001
1585066731365:requestdelivery 2002
1585069543228:requestdelivery 1001
1585069552215:requestdelivery 2002
1585069556218:requestdelivery 1001
1585069563217:getdeliveries 1001
1585069903974:requestdelivery 1001
1585069908964:requestdelivery 2002
1585069913963:requestdelivery 1001
1585069941967:getdeliveries 1001
1585070435465:requestdelivery 1001
1585070441459:requestdelivery 2002
1585070477461:getdeliveries 1001
1585070483461:getdeliveries
1585070495462:getdeliveries 1001
1585070779596:requestdelivery 1001
1585070784588:requestdelivery 2002
1585070790589:requestdelivery 1001
1585070795589:getdeliveries 1001
1585071003885:requestdelivery 2002
1585071010887:getdeliveries 1001
1585071078438:requestdelivery 1001
1585071084428:getdeliveries 2002
1585071358419:requestdelivery 1001
1585071363414:getdeliveries 2002
1585071480423:requestdelivery 1001
1585071485425:getdeliveries 2002
1585071611021:requestdelivery 1002
1585071618012:getdeliveries 3003
1585071740567:requestdelivery 1001
1585071747561:getdeliveries 1002
1585071752560:getdeliveries 1001
1585071763562:requestdelivery 1003
1585071769563:requestdelivery 1002
1585071774563:getdeliveries 1002
1585071790565:requestdelivery 1001
1585071794565:getdeliveries 1001
1585079327182:1001
1585079477188:help
1585079489188:exit
1585079513007:help
1585079535004:sell 100101 1
1585079560006:getdeliveries
1585079568008:getdeliveries 100`
1585080201169:help
1585130370072:requestdelivery
1585130492430:getdeliveries
1585130502429:exit
1585131551307:requestdelivery
1585131560296:getdeliveries
1585131927567:requestdelivery
1585132036569:getdeliveries
1585134917019:requestdelivery
1585135079069:getdeliveries
1585135106065:getdeliveries 1001
1585135112066:getdeliveries 2330
1585135123066:changestatus `1
1585135126066:changestatus 1
1585135163121:getdeliveries
1585135169114:senddelivery 1
1585135181040:getdeliveries
1585135961827:getstock
1585136436677:sell 123456 19
1585137132171:getstock
1585137144169:sell 123456 10
1585137398876:getstock
1585137412878:sell 456789 2
1585137501296:getstock
1585137508289:sell 456789 2
1585137515290:sell 456789 1
1585137519290:getstock
1585164363694:requestdelivery
1585165445050:help
1585165453042:getdeliveries
1585165457042:senddelivery 1
1585168882676:sendorder
1585170038726:requestdelivery
1585170047719:getdeliveries
1585170064243:getdeliveries
1585170070235:getdeliveries 101
1586289616098:help
1586289624090:sell 1 123456
1586289630090:getstock
1586289647092:sell 123456 10
1586289660093:stacktrace
1586289770631:sell 123456 10
1586289776623:stacktrace
1586289859796:sell 123456 10
1586290238358:help
1586290246353:getdeliveries
1586339575205:sell 123456 19
1586339652498:sell 123456 10
1586339727497:sell 123456 3
1586350594566:sell 123456 10
1586350680566:sell 123456 1
1586350717569:sell 234567 1
1586351613624:sell 123456 12
1586352109586:sell 123456 10
1586890897589:help
1586890913585:requestdelivery
1586890966590:stacktrace
1586891015923:requestdelivery
1586953409099:getdeliveries
1586953586899:requestdeliveries
1586953590889:help
1586953596892:getdeliveries
1586954761759:help
1586954766761:getstock
1586955578144:help
1586955582141:getdeliveries
1586955590141:stacktrace
1586955602145:getdeliveries 2020
1586955885424:getdeliveries
1586955896422:stacktrace
1586955972436:getdeliveries
1586958198376:senddelivery 6
1586958291386:stacktrace
1586960419583:getdeliveries
1586960434576:senddelivery 7
1586960446577:getdeliveries
1586960650379:finishdelivery 6
1586960654373:getdeliveries
1586961253120:sell 123456 10
1586961390133:sell 123456 5
1586976657735:getstock
1586976674729:sell 123456 5
1586976680729:getstock
1586977057086:sell 123456 4
1586977061085:getstock
